Build started 01.12.2021 13:08:21.
Logging verbosity is set to: Normal.     1>Project "C:\Users\User\Documents\ОСиСП\OperationSystems_5sem\лабы\07. Synchronization\OS07\OS07_02\OS07_02.vcxproj" on node 2 (Build target(s)).
     1>InitializeBuildStatus:
         Creating "Debug\OS07_02.tlog\unsuccessfulbuild" because "AlwaysCreate" was specified.
       ClCompile:
         C:\Program Files (x86)\Microsoft Visual Studio\2019\Community\VC\Tools\MSVC\14.29.30133\bin\HostX86\x86\CL.exe /c /ZI /JMC /nologo /W3 /WX- /diagnostics:column /sdl /Od /Oy- /D WIN32 /D _DEBUG /D _CONSOLE /D _UNICODE /D UNICODE /Gm- /EHsc /RTC1 /MDd /GS /fp:precise /permissive- /Zc:wchar_t /Zc:forScope /Zc:inline /Fo"Debug\\" /Fd"Debug\vc142.pdb" /external:W3 /Gd /TP /analyze- /FC /errorReport:prompt OS07_02.cpp
         OS07_02.cpp
     1>C:\Users\User\Documents\ОСиСП\OperationSystems_5sem\лабы\07. Synchronization\OS07\OS07_02\OS07_02.cpp(35,26): warning C4244: 'argument': conversion from 'float' to 'DWORD', possible loss of data
     1>C:\Users\User\Documents\ОСиСП\OperationSystems_5sem\лабы\07. Synchronization\OS07\OS07_02\OS07_02.cpp(36,26): warning C4244: 'argument': conversion from 'float' to 'DWORD', possible loss of data
       Link:
         C:\Program Files (x86)\Microsoft Visual Studio\2019\Community\VC\Tools\MSVC\14.29.30133\bin\HostX86\x86\link.exe /ERRORREPORT:PROMPT /OUT:"C:\Users\User\Documents\ОСиСП\OperationSystems_5sem\лабы\07. Synchronization\OS07\Debug\OS07_02.exe" /INCREMENTAL /ILK:"Debug\OS07_02.ilk" /NOLOGO kernel32.lib user32.lib gdi32.lib winspool.lib comdlg32.lib advapi32.lib shell32.lib ole32.lib oleaut32.lib uuid.lib odbc32.lib odbccp32.lib /MANIFEST /MANIFESTUAC:"level='asInvoker' uiAccess='false'" /manifest:embed /DEBUG /PDB:"C:\Users\User\Documents\ОСиСП\OperationSystems_5sem\лабы\07. Synchronization\OS07\Debug\OS07_02.pdb" /SUBSYSTEM:CONSOLE /TLBID:1 /DYNAMICBASE /NXCOMPAT /IMPLIB:"C:\Users\User\Documents\ОСиСП\OperationSystems_5sem\лабы\07. Synchronization\OS07\Debug\OS07_02.lib" /MACHINE:X86 Debug\OS07_02.obj
         OS07_02.vcxproj -> C:\Users\User\Documents\ОСиСП\OperationSystems_5sem\лабы\07. Synchronization\OS07\Debug\OS07_02.exe
       FinalizeBuildStatus:
         Deleting file "Debug\OS07_02.tlog\unsuccessfulbuild".
         Touching "Debug\OS07_02.tlog\OS07_02.lastbuildstate".
     1>Done Building Project "C:\Users\User\Documents\ОСиСП\OperationSystems_5sem\лабы\07. Synchronization\OS07\OS07_02\OS07_02.vcxproj" (Build target(s)).

Build succeeded.

       "C:\Users\User\Documents\ОСиСП\OperationSystems_5sem\лабы\07. Synchronization\OS07\OS07_02\OS07_02.vcxproj" (Build target) (1) ->
       (ClCompile target) -> 
         C:\Users\User\Documents\ОСиСП\OperationSystems_5sem\лабы\07. Synchronization\OS07\OS07_02\OS07_02.cpp(35,26): warning C4244: 'argument': conversion from 'float' to 'DWORD', possible loss of data
         C:\Users\User\Documents\ОСиСП\OperationSystems_5sem\лабы\07. Synchronization\OS07\OS07_02\OS07_02.cpp(36,26): warning C4244: 'argument': conversion from 'float' to 'DWORD', possible loss of data

    2 Warning(s)
    0 Error(s)

Time Elapsed 00:00:01.65
